<?xml version="1.0" encoding="UTF-8"?>
<testng-results ignored="0" total="1" passed="1" failed="0" skipped="0">
  <reporter-output>
  </reporter-output>
  <suite started-at="2024-07-08T10:43:55 IST" name="Suite" finished-at="2024-07-08T10:44:07 IST" duration-ms="12584">
    <groups>
      <group name="cucumber">
        <method signature="AbstractTestNGCucumberTests.runScenario(io.cucumber.testng.PickleWrapper,io.cucumber.testng.FeatureWrapper)[pri:0, instance:runner.Login_RunnerClass@158d2680]" name="runScenario" class="io.cucumber.testng.AbstractTestNGCucumberTests"/>
      </group> <!-- cucumber -->
    </groups>
    <test started-at="2024-07-08T10:43:55 IST" name="Test" finished-at="2024-07-08T10:44:07 IST" duration-ms="12584">
      <class name="runner.Login_RunnerClass">
        <test-method is-config="true" signature="setUpClass(org.testng.ITestContext)[pri:0, instance:runner.Login_RunnerClass@158d2680]" started-at="2024-07-08T10:43:55 IST" name="setUpClass" finished-at="2024-07-08T10:43:56 IST" duration-ms="1593" status="PASS">
          <params>
            <param index="0">
              <value>
                <![CDATA[org.testng.TestRunner@7578e06a]]>
              </value>
            </param>
          </params>
          <reporter-output>
          </reporter-output>
        </test-method> <!-- setUpClass -->
        <test-method signature="runScenario(io.cucumber.testng.PickleWrapper,io.cucumber.testng.FeatureWrapper)[pri:0, instance:runner.Login_RunnerClass@158d2680]" started-at="2024-07-08T10:43:56 IST" name="runScenario" description="Runs Cucumber Scenarios" data-provider="scenarios" finished-at="2024-07-08T10:43:57 IST" duration-ms="205" status="PASS">
          <params>
            <param index="0">
              <value>
                <![CDATA["Verify the login functionality"]]>
              </value>
            </param>
            <param index="1">
              <value>
                <![CDATA["Login Feature file"]]>
              </value>
            </param>
          </params>
          <reporter-output>
          </reporter-output>
        </test-method> <!-- runScenario -->
        <test-method is-config="true" signature="tearDownClass()[pri:0, instance:runner.Login_RunnerClass@158d2680]" started-at="2024-07-08T10:43:57 IST" name="tearDownClass" finished-at="2024-07-08T10:44:07 IST" duration-ms="10687" status="PASS">
          <reporter-output>
          </reporter-output>
        </test-method> <!-- tearDownClass -->
      </class> <!-- runner.Login_RunnerClass -->
    </test> <!-- Test -->
  </suite> <!-- Suite -->
</testng-results>
