<?xml version="1.0" encoding="UTF-8"?>
<testng-results ignored="0" total="1" passed="1" failed="0" skipped="0">
  <reporter-output>
  </reporter-output>
  <suite started-at="2024-07-01T21:21:39 IST" name="Default suite" finished-at="2024-07-01T21:21:40 IST" duration-ms="670">
    <groups>
      <group name="cucumber">
        <method signature="AbstractTestNGCucumberTests.runScenario(io.cucumber.testng.PickleWrapper,io.cucumber.testng.FeatureWrapper)[pri:0, instance:runner.Login_RunnerClass@3754a4bf]" name="runScenario" class="io.cucumber.testng.AbstractTestNGCucumberTests"/>
      </group> <!-- cucumber -->
    </groups>
    <test started-at="2024-07-01T21:21:39 IST" name="Default test" finished-at="2024-07-01T21:21:40 IST" duration-ms="670">
      <class name="runner.Login_RunnerClass">
        <test-method is-config="true" signature="setUpClass(org.testng.ITestContext)[pri:0, instance:runner.Login_RunnerClass@3754a4bf]" started-at="2024-07-01T21:21:39 IST" name="setUpClass" finished-at="2024-07-01T21:21:39 IST" duration-ms="454" status="PASS">
          <params>
            <param index="0">
              <value>
                <![CDATA[org.testng.TestRunner@2a898881]]>
              </value>
            </param>
          </params>
          <reporter-output>
          </reporter-output>
        </test-method> <!-- setUpClass -->
        <test-method signature="runScenario(io.cucumber.testng.PickleWrapper,io.cucumber.testng.FeatureWrapper)[pri:0, instance:runner.Login_RunnerClass@3754a4bf]" started-at="2024-07-01T21:21:39 IST" name="runScenario" description="Runs Cucumber Scenarios" data-provider="scenarios" finished-at="2024-07-01T21:21:39 IST" duration-ms="143" status="PASS">
          <params>
            <param index="0">
              <value>
                <![CDATA["Verify the login functionality"]]>
              </value>
            </param>
            <param index="1">
              <value>
                <![CDATA["Login Feature file"]]>
              </value>
            </param>
          </params>
          <reporter-output>
          </reporter-output>
        </test-method> <!-- runScenario -->
        <test-method is-config="true" signature="tearDownClass()[pri:0, instance:runner.Login_RunnerClass@3754a4bf]" started-at="2024-07-01T21:21:39 IST" name="tearDownClass" finished-at="2024-07-01T21:21:40 IST" duration-ms="3" status="PASS">
          <reporter-output>
          </reporter-output>
        </test-method> <!-- tearDownClass -->
      </class> <!-- runner.Login_RunnerClass -->
    </test> <!-- Default test -->
  </suite> <!-- Default suite -->
</testng-results>
